<?xml version="1.0" encoding="UTF-8" standalone="no"?>
<!DOCTYPE log SYSTEM "logger.dtd">
<head/><log>
<record>
  <date>2016-11-28T14:27:39.775-0300</date>
  <logger>SAMARA SONALE SANTOS SAMPAIO</logger>
  <level>FINE</level>
  <message>File 115210734-SAMARA SONALE SANTOS SAMPAIO.zip was received. It was sent by SAMARA SONALE SANTOS SAMPAIO from IP 150.165.74.102</message>
</record>
</log>
<?xml version="1.0" encoding="UTF-8" standalone="no"?>
<!DOCTYPE log SYSTEM "logger.dtd">
<log>
<record>
  <date>2016-11-28T16:17:28.372-0300</date>
  <logger>SAMARA SONALE SANTOS SAMPAIO</logger>
  <level>FINE</level>
  <message>File 115210734-SAMARA SONALE SANTOS SAMPAIO.zip was received. It was sent by SAMARA SONALE SANTOS SAMPAIO from IP 150.165.74.132</message>
</record>
</log>
<?xml version="1.0" encoding="UTF-8" standalone="no"?>
<!DOCTYPE log SYSTEM "logger.dtd">
<log>
<record>
  <date>2016-11-28T16:18:08.867-0300</date>
  <logger>SAMARA SONALE SANTOS SAMPAIO</logger>
  <level>FINE</level>
  <message>File 115210734-SAMARA SONALE SANTOS SAMPAIO.zip was received. It was sent by SAMARA SONALE SANTOS SAMPAIO from IP 150.165.74.132</message>
</record>
</log>
<?xml version="1.0" encoding="UTF-8" standalone="no"?>
<!DOCTYPE log SYSTEM "logger.dtd">
<log>
<record>
  <date>2016-11-28T16:18:51.208-0300</date>
  <logger>SAMARA SONALE SANTOS SAMPAIO</logger>
  <level>FINE</level>
  <message>File 115210734-SAMARA SONALE SANTOS SAMPAIO.zip was received. It was sent by SAMARA SONALE SANTOS SAMPAIO from IP 150.165.74.132</message>
</record>
